#
# A fatal error has been detected by the Java Runtime Environment:
#
#  Internal Error (generateOopMap.cpp:2162), pid=2112, tid=15107
#  fatal error: Illegal class file encountered. Try running with -Xverify:all in method printParams
#
# JRE version: Java(TM) SE Runtime Environment (10.0.1+10) (build 10.0.1+10)
# Java VM: Java HotSpot(TM) 64-Bit Server VM (10.0.1+10, mixed mode, tiered, compressed oops, g1 gc, bsd-amd64)
# No core dump will be written. Core dumps have been disabled. To enable core dumping, try "ulimit -c unlimited" before starting Java again
#
# If you would like to submit a bug report, please visit:
#   http://bugreport.java.com/bugreport/crash.jsp
#

---------------  S U M M A R Y ------------

Command Line: -agentlib:jdwp=transport=dt_socket,address=127.0.0.1:50770,suspend=y,server=n -javaagent:/Users/attilamurvai/Library/Caches/IntelliJIdea2018.1/captureAgent/debugger-agent.jar=file:/private/var/folders/4j/yccp0tnd6l574gjmv9s_3grm0000gp/T/capture.props -Dfile.encoding=UTF-8 PrintParams

Host: MacBookAir7,2 x86_64 1600 MHz, 4 cores, 4G, Darwin 17.5.0
Time: Mon May 14 16:30:19 2018 CEST elapsed time: 309 seconds (0d 0h 5m 9s)

---------------  T H R E A D  ---------------

Current thread (0x00007f932680a000):  VMThread "VM Thread" [stack: 0x0000700003c21000,0x0000700003d21000] [id=15107]

Stack: [0x0000700003c21000,0x0000700003d21000],  sp=0x0000700003d1feb0,  free space=1019k
Native frames: (J=compiled Java code, A=aot compiled Java code, j=interpreted, Vv=VM code, C=native code)
V  [libjvm.dylib+0x799cb1]  _ZN7VMError14report_and_dieEiPKcS1_P13__va_list_tagP6ThreadPhPvS7_S1_im+0x4df
V  [libjvm.dylib+0x79a374]  _ZN7VMError14report_and_dieEP6ThreadPKciS3_S3_P13__va_list_tag+0x4a
V  [libjvm.dylib+0x28bd31]  _Z12report_fatalPKciS0_z+0xc0
V  [libjvm.dylib+0x383781]  _ZN14GenerateOopMap10error_workEPKcP13__va_list_tag+0xeb
V  [libjvm.dylib+0x380a39]  _ZN14GenerateOopMap12report_errorEPKcz+0x8d
V  [libjvm.dylib+0x3816eb]  _ZN14GenerateOopMap9interp_bbEP10BasicBlock+0x105
V  [libjvm.dylib+0x381401]  _ZN14GenerateOopMap10interp_allEv+0x53
V  [libjvm.dylib+0x3810e7]  _ZN14GenerateOopMap17do_interpretationEv+0x4b
V  [libjvm.dylib+0x3835b1]  _ZN14GenerateOopMap11compute_mapEP6Thread+0x16b
V  [libjvm.dylib+0x62b7d8]  _ZN19OopMapForCacheEntry11compute_mapEP6Thread+0x60
V  [libjvm.dylib+0x62c0c4]  _ZN16OopMapCacheEntry4fillERK12methodHandlei+0xac
V  [libjvm.dylib+0x62ca8c]  _ZN11OopMapCache19compute_one_oop_mapERK12methodHandleiP17InterpreterOopMap+0x11a
V  [libjvm.dylib+0x5f1155]  _ZN6Method8mask_forEiP17InterpreterOopMap+0x7f
V  [libjvm.dylib+0x4dda69]  _ZN16VM_GetOrSetLocal4doitEv+0x47
V  [libjvm.dylib+0x7a38d9]  _ZN12VM_Operation8evaluateEv+0xf1
V  [libjvm.dylib+0x7a2dc2]  _ZN8VMThread18evaluate_operationEP12VM_Operation+0xd4
V  [libjvm.dylib+0x7a2a76]  _ZN8VMThread4loopEv+0x340
V  [libjvm.dylib+0x7a2649]  _ZN8VMThread3runEv+0x75
V  [libjvm.dylib+0x633a5f]  _ZL19thread_native_entryP6Thread+0x12b
C  [libsystem_pthread.dylib+0x3661]  _pthread_body+0x154
C  [libsystem_pthread.dylib+0x350d]  _pthread_body+0x0
C  [libsystem_pthread.dylib+0x2bf9]  thread_start+0xd

VM_Operation (0x00007000045bb9b8): GetOrSetLocal, mode: safepoint, requested by thread 0x00007f9326830000


---------------  P R O C E S S  ---------------

Threads class SMR info:
_java_thread_list=0x00007f9325429ce0, length=13, elements={
0x00007f9326000800, 0x00007f9325825800, 0x00007f932680d000, 0x00007f9327033000,
0x00007f9326876000, 0x00007f9326879800, 0x00007f932687a000, 0x00007f932687b000,
0x00007f9326830000, 0x00007f932706e000, 0x00007f93268c2000, 0x00007f9327112800,
0x00007f9326027800
}

Java Threads: ( => current thread )
  0x00007f9326000800 JavaThread "main" [_thread_blocked, id=9731, stack(0x0000000109e95000,0x0000000109f95000)]
  0x00007f9325825800 JavaThread "Reference Handler" daemon [_thread_blocked, id=15619, stack(0x0000700003d24000,0x0000700003e24000)]
  0x00007f932680d000 JavaThread "Finalizer" daemon [_thread_blocked, id=18435, stack(0x0000700003e27000,0x0000700003f27000)]
  0x00007f9327033000 JavaThread "Signal Dispatcher" daemon [_thread_blocked, id=42755, stack(0x0000700003fad000,0x00007000040ad000)]
  0x00007f9326876000 JavaThread "C2 CompilerThread0" daemon [_thread_blocked, id=42499, stack(0x00007000040b0000,0x00007000041b0000)]
  0x00007f9326879800 JavaThread "C2 CompilerThread1" daemon [_thread_blocked, id=23043, stack(0x00007000041b3000,0x00007000042b3000)]
  0x00007f932687a000 JavaThread "C1 CompilerThread2" daemon [_thread_blocked, id=41475, stack(0x00007000042b6000,0x00007000043b6000)]
  0x00007f932687b000 JavaThread "Sweeper thread" daemon [_thread_blocked, id=41219, stack(0x00007000043b9000,0x00007000044b9000)]
  0x00007f9326830000 JavaThread "JDWP Transport Listener: dt_socket" daemon [_thread_blocked, id=40707, stack(0x00007000044bc000,0x00007000045bc000)] _threads_hazard_ptr=0x00007f9325429ce0
  0x00007f932706e000 JavaThread "JDWP Event Helper Thread" daemon [_thread_blocked, id=24579, stack(0x00007000045bf000,0x00007000046bf000)]
  0x00007f93268c2000 JavaThread "JDWP Command Reader" daemon [_thread_in_native, id=39683, stack(0x00007000046c2000,0x00007000047c2000)]
  0x00007f9327112800 JavaThread "Common-Cleaner" daemon [_thread_blocked, id=25091, stack(0x00007000047c5000,0x00007000048c5000)]
  0x00007f9326027800 JavaThread "Service Thread" daemon [_thread_blocked, id=38915, stack(0x00007000048c8000,0x00007000049c8000)]

Other Threads:
=>0x00007f932680a000 VMThread "VM Thread" [stack: 0x0000700003c21000,0x0000700003d21000] [id=15107]
  0x00007f932712e800 WatcherThread [stack: 0x00007000049cb000,0x0000700004acb000] [id=25603]
  0x00007f9327006000 GCTaskThread "GC Thread#0" [stack: 0x0000700003100000,0x0000700003200000] [id=11523]
  0x00007f932680f000 GCTaskThread "GC Thread#1" [stack: 0x0000700003203000,0x0000700003303000] [id=12035]
  0x00007f9326810000 GCTaskThread "GC Thread#2" [stack: 0x0000700003306000,0x0000700003406000] [id=21507]
  0x00007f9326810800 GCTaskThread "GC Thread#3" [stack: 0x0000700003409000,0x0000700003509000] [id=21251]
  0x00007f9326826800 ConcurrentGCThread "G1 Main Marker" [stack: 0x000070000350c000,0x000070000360c000] [id=20995]
  0x00007f9327007000 ConcurrentGCThread "G1 Conc#0" [stack: 0x000070000360f000,0x000070000370f000] [id=13315]
  0x00007f932682f800 ConcurrentGCThread "G1 Refine#0" [stack: 0x0000700003712000,0x0000700003812000] [id=13571]
  0x00007f932701f800 ConcurrentGCThread "G1 Refine#1" [stack: 0x0000700003815000,0x0000700003915000] [id=14083]
  0x00007f9327020800 ConcurrentGCThread "G1 Refine#2" [stack: 0x0000700003918000,0x0000700003a18000] [id=19715]
  0x00007f9327021000 ConcurrentGCThread "G1 Refine#3" [stack: 0x0000700003a1b000,0x0000700003b1b000] [id=14339]
  0x00007f9327022000 ConcurrentGCThread "G1 Young RemSet Sampling" [stack: 0x0000700003b1e000,0x0000700003c1e000] [id=19203]

Threads with active compile tasks:

VM state:at safepoint (normal execution)

VM Mutex/Monitor currently owned by a thread:  ([mutex/lock_event])
[0x00007f9325512e10] Threads_lock - owner thread: 0x00007f932680a000

Heap address: 0x0000000780000000, size: 1024 MB, Compressed Oops mode: Zero based, Oop shift amount: 3
Narrow klass base: 0x0000000000000000, Narrow klass shift: 3
Compressed class space size: 1073741824 Address: 0x00000007c0000000

Heap:
 garbage-first heap   total 65536K, used 2048K [0x0000000780000000, 0x00000007c0000000)
  region size 1024K, 3 young (3072K), 0 survivors (0K)
 Metaspace       used 5106K, capacity 5168K, committed 5376K, reserved 1056768K
  class space    used 427K, capacity 464K, committed 512K, reserved 1048576K
Heap Regions: E=young(eden), S=young(survivor), O=old, HS=humongous(starts), HC=humongous(continues), CS=collection set, F=free, A=archive, TS=gc time stamp, AC=allocation context, TAMS=top-at-mark-start (previous, next)
|   0|0x0000000780000000, 0x0000000780000000, 0x0000000780100000|  0%| F|  |TS  0|AC  0|TAMS 0x0000000780000000, 0x0000000780000000|
|   1|0x0000000780100000, 0x0000000780100000, 0x0000000780200000|  0%| F|  |TS  0|AC  0|TAMS 0x0000000780100000, 0x0000000780100000|
|   2|0x0000000780200000, 0x0000000780200000, 0x0000000780300000|  0%| F|  |TS  0|AC  0|TAMS 0x0000000780200000, 0x0000000780200000|
|   3|0x0000000780300000, 0x0000000780300000, 0x0000000780400000|  0%| F|  |TS  0|AC  0|TAMS 0x0000000780300000, 0x0000000780300000|
|   4|0x0000000780400000, 0x0000000780400000, 0x0000000780500000|  0%| F|  |TS  0|AC  0|TAMS 0x0000000780400000, 0x0000000780400000|
|   5|0x0000000780500000, 0x0000000780500000, 0x0000000780600000|  0%| F|  |TS  0|AC  0|TAMS 0x0000000780500000, 0x0000000780500000|
|   6|0x0000000780600000, 0x0000000780600000, 0x0000000780700000|  0%| F|  |TS  0|AC  0|TAMS 0x0000000780600000, 0x0000000780600000|
|   7|0x0000000780700000, 0x0000000780700000, 0x0000000780800000|  0%| F|  |TS  0|AC  0|TAMS 0x0000000780700000, 0x0000000780700000|
|   8|0x0000000780800000, 0x0000000780800000, 0x0000000780900000|  0%| F|  |TS  0|AC  0|TAMS 0x0000000780800000, 0x0000000780800000|
|   9|0x0000000780900000, 0x0000000780900000, 0x0000000780a00000|  0%| F|  |TS  0|AC  0|TAMS 0x0000000780900000, 0x0000000780900000|
|  10|0x0000000780a00000, 0x0000000780a00000, 0x0000000780b00000|  0%| F|  |TS  0|AC  0|TAMS 0x0000000780a00000, 0x0000000780a00000|
|  11|0x0000000780b00000, 0x0000000780b00000, 0x0000000780c00000|  0%| F|  |TS  0|AC  0|TAMS 0x0000000780b00000, 0x0000000780b00000|
|  12|0x0000000780c00000, 0x0000000780c00000, 0x0000000780d00000|  0%| F|  |TS  0|AC  0|TAMS 0x0000000780c00000, 0x0000000780c00000|
|  13|0x0000000780d00000, 0x0000000780d00000, 0x0000000780e00000|  0%| F|  |TS  0|AC  0|TAMS 0x0000000780d00000, 0x0000000780d00000|
|  14|0x0000000780e00000, 0x0000000780e00000, 0x0000000780f00000|  0%| F|  |TS  0|AC  0|TAMS 0x0000000780e00000, 0x0000000780e00000|
|  15|0x0000000780f00000, 0x0000000780f00000, 0x0000000781000000|  0%| F|  |TS  0|AC  0|TAMS 0x0000000780f00000, 0x0000000780f00000|
|  16|0x0000000781000000, 0x0000000781000000, 0x0000000781100000|  0%| F|  |TS  0|AC  0|TAMS 0x0000000781000000, 0x0000000781000000|
|  17|0x0000000781100000, 0x0000000781100000, 0x0000000781200000|  0%| F|  |TS  0|AC  0|TAMS 0x0000000781100000, 0x0000000781100000|
|  18|0x0000000781200000, 0x0000000781200000, 0x0000000781300000|  0%| F|  |TS  0|AC  0|TAMS 0x0000000781200000, 0x0000000781200000|
|  19|0x0000000781300000, 0x0000000781300000, 0x0000000781400000|  0%| F|  |TS  0|AC  0|TAMS 0x0000000781300000, 0x0000000781300000|
|  20|0x0000000781400000, 0x0000000781400000, 0x0000000781500000|  0%| F|  |TS  0|AC  0|TAMS 0x0000000781400000, 0x0000000781400000|
|  21|0x0000000781500000, 0x0000000781500000, 0x0000000781600000|  0%| F|  |TS  0|AC  0|TAMS 0x0000000781500000, 0x0000000781500000|
|  22|0x0000000781600000, 0x0000000781600000, 0x0000000781700000|  0%| F|  |TS  0|AC  0|TAMS 0x0000000781600000, 0x0000000781600000|
|  23|0x0000000781700000, 0x0000000781700000, 0x0000000781800000|  0%| F|  |TS  0|AC  0|TAMS 0x0000000781700000, 0x0000000781700000|
|  24|0x0000000781800000, 0x0000000781800000, 0x0000000781900000|  0%| F|  |TS  0|AC  0|TAMS 0x0000000781800000, 0x0000000781800000|
|  25|0x0000000781900000, 0x0000000781900000, 0x0000000781a00000|  0%| F|  |TS  0|AC  0|TAMS 0x0000000781900000, 0x0000000781900000|
|  26|0x0000000781a00000, 0x0000000781a00000, 0x0000000781b00000|  0%| F|  |TS  0|AC  0|TAMS 0x0000000781a00000, 0x0000000781a00000|
|  27|0x0000000781b00000, 0x0000000781b00000, 0x0000000781c00000|  0%| F|  |TS  0|AC  0|TAMS 0x0000000781b00000, 0x0000000781b00000|
|  28|0x0000000781c00000, 0x0000000781c00000, 0x0000000781d00000|  0%| F|  |TS  0|AC  0|TAMS 0x0000000781c00000, 0x0000000781c00000|
|  29|0x0000000781d00000, 0x0000000781d00000, 0x0000000781e00000|  0%| F|  |TS  0|AC  0|TAMS 0x0000000781d00000, 0x0000000781d00000|
|  30|0x0000000781e00000, 0x0000000781e00000, 0x0000000781f00000|  0%| F|  |TS  0|AC  0|TAMS 0x0000000781e00000, 0x0000000781e00000|
|  31|0x0000000781f00000, 0x0000000781f00000, 0x0000000782000000|  0%| F|  |TS  0|AC  0|TAMS 0x0000000781f00000, 0x0000000781f00000|
|  32|0x0000000782000000, 0x0000000782000000, 0x0000000782100000|  0%| F|  |TS  0|AC  0|TAMS 0x0000000782000000, 0x0000000782000000|
|  33|0x0000000782100000, 0x0000000782100000, 0x0000000782200000|  0%| F|  |TS  0|AC  0|TAMS 0x0000000782100000, 0x0000000782100000|
|  34|0x0000000782200000, 0x0000000782200000, 0x0000000782300000|  0%| F|  |TS  0|AC  0|TAMS 0x0000000782200000, 0x0000000782200000|
|  35|0x0000000782300000, 0x0000000782300000, 0x0000000782400000|  0%| F|  |TS  0|AC  0|TAMS 0x0000000782300000, 0x0000000782300000|
|  36|0x0000000782400000, 0x0000000782400000, 0x0000000782500000|  0%| F|  |TS  0|AC  0|TAMS 0x0000000782400000, 0x0000000782400000|
|  37|0x0000000782500000, 0x0000000782500000, 0x0000000782600000|  0%| F|  |TS  0|AC  0|TAMS 0x0000000782500000, 0x0000000782500000|
|  38|0x0000000782600000, 0x0000000782600000, 0x0000000782700000|  0%| F|  |TS  0|AC  0|TAMS 0x0000000782600000, 0x0000000782600000|
|  39|0x0000000782700000, 0x0000000782700000, 0x0000000782800000|  0%| F|  |TS  0|AC  0|TAMS 0x0000000782700000, 0x0000000782700000|
|  40|0x0000000782800000, 0x0000000782800000, 0x0000000782900000|  0%| F|  |TS  0|AC  0|TAMS 0x0000000782800000, 0x0000000782800000|
|  41|0x0000000782900000, 0x0000000782900000, 0x0000000782a00000|  0%| F|  |TS  0|AC  0|TAMS 0x0000000782900000, 0x0000000782900000|
|  42|0x0000000782a00000, 0x0000000782a00000, 0x0000000782b00000|  0%| F|  |TS  0|AC  0|TAMS 0x0000000782a00000, 0x0000000782a00000|
|  43|0x0000000782b00000, 0x0000000782b00000, 0x0000000782c00000|  0%| F|  |TS  0|AC  0|TAMS 0x0000000782b00000, 0x0000000782b00000|
|  44|0x0000000782c00000, 0x0000000782c00000, 0x0000000782d00000|  0%| F|  |TS  0|AC  0|TAMS 0x0000000782c00000, 0x0000000782c00000|
|  45|0x0000000782d00000, 0x0000000782d00000, 0x0000000782e00000|  0%| F|  |TS  0|AC  0|TAMS 0x0000000782d00000, 0x0000000782d00000|
|  46|0x0000000782e00000, 0x0000000782e00000, 0x0000000782f00000|  0%| F|  |TS  0|AC  0|TAMS 0x0000000782e00000, 0x0000000782e00000|
|  47|0x0000000782f00000, 0x0000000782f00000, 0x0000000783000000|  0%| F|  |TS  0|AC  0|TAMS 0x0000000782f00000, 0x0000000782f00000|
|  48|0x0000000783000000, 0x0000000783000000, 0x0000000783100000|  0%| F|  |TS  0|AC  0|TAMS 0x0000000783000000, 0x0000000783000000|
|  49|0x0000000783100000, 0x0000000783100000, 0x0000000783200000|  0%| F|  |TS  0|AC  0|TAMS 0x0000000783100000, 0x0000000783100000|
|  50|0x0000000783200000, 0x0000000783200000, 0x0000000783300000|  0%| F|  |TS  0|AC  0|TAMS 0x0000000783200000, 0x0000000783200000|
|  51|0x0000000783300000, 0x0000000783300000, 0x0000000783400000|  0%| F|  |TS  0|AC  0|TAMS 0x0000000783300000, 0x0000000783300000|
|  52|0x0000000783400000, 0x0000000783400000, 0x0000000783500000|  0%| F|  |TS  0|AC  0|TAMS 0x0000000783400000, 0x0000000783400000|
|  53|0x0000000783500000, 0x0000000783500000, 0x0000000783600000|  0%| F|  |TS  0|AC  0|TAMS 0x0000000783500000, 0x0000000783500000|
|  54|0x0000000783600000, 0x0000000783600000, 0x0000000783700000|  0%| F|  |TS  0|AC  0|TAMS 0x0000000783600000, 0x0000000783600000|
|  55|0x0000000783700000, 0x0000000783700000, 0x0000000783800000|  0%| F|  |TS  0|AC  0|TAMS 0x0000000783700000, 0x0000000783700000|
|  56|0x0000000783800000, 0x0000000783800000, 0x0000000783900000|  0%| F|  |TS  0|AC  0|TAMS 0x0000000783800000, 0x0000000783800000|
|  57|0x0000000783900000, 0x0000000783900000, 0x0000000783a00000|  0%| F|  |TS  0|AC  0|TAMS 0x0000000783900000, 0x0000000783900000|
|  58|0x0000000783a00000, 0x0000000783a00000, 0x0000000783b00000|  0%| F|  |TS  0|AC  0|TAMS 0x0000000783a00000, 0x0000000783a00000|
|  59|0x0000000783b00000, 0x0000000783b00000, 0x0000000783c00000|  0%| F|  |TS  0|AC  0|TAMS 0x0000000783b00000, 0x0000000783b00000|
|  60|0x0000000783c00000, 0x0000000783c00000, 0x0000000783d00000|  0%| F|  |TS  0|AC  0|TAMS 0x0000000783c00000, 0x0000000783c00000|
|  61|0x0000000783d00000, 0x0000000783d90ec8, 0x0000000783e00000| 56%| E|  |TS  0|AC  0|TAMS 0x0000000783d00000, 0x0000000783d00000|
|  62|0x0000000783e00000, 0x0000000783f00000, 0x0000000783f00000|100%| E|CS|TS  0|AC  0|TAMS 0x0000000783e00000, 0x0000000783e00000|
|  63|0x0000000783f00000, 0x0000000784000000, 0x0000000784000000|100%| E|CS|TS  0|AC  0|TAMS 0x0000000783f00000, 0x0000000783f00000|

Card table byte_map: [0x0000000117138000,0x0000000117338000] byte_map_base: 0x0000000113538000

Marking Bits (Prev, Next): (CMBitMap*) 0x00007f9326826060, (CMBitMap*) 0x00007f9326826098
 Prev Bits: [0x0000000127586000, 0x0000000128586000)
 Next Bits: [0x0000000128586000, 0x0000000129586000)

Polling page: 0x0000000109fd9000

CodeHeap 'non-profiled nmethods': size=120032Kb used=68Kb max_used=68Kb free=119963Kb
 bounds [0x000000012004e000, 0x00000001202be000, 0x0000000127586000]
CodeHeap 'profiled nmethods': size=120032Kb used=257Kb max_used=257Kb free=119774Kb
 bounds [0x0000000118b16000, 0x0000000118d86000, 0x000000012004e000]
CodeHeap 'non-nmethods': size=5696Kb used=1068Kb max_used=1079Kb free=4627Kb
 bounds [0x0000000118586000, 0x00000001187f6000, 0x0000000118b16000]
 total_blobs=552 nmethods=193 adapters=201
 compilation: enabled

Compilation events (10 events):
Event: 0.452 Thread 0x00007f932687a000  190       3       java.lang.String::getBytes (44 bytes)
Event: 0.453 Thread 0x00007f932687a000 nmethod 190 0x0000000118b54990 code [0x0000000118b54b80, 0x0000000118b54f58]
Event: 0.453 Thread 0x00007f932687a000  191       3       java.lang.StringBuilder::append (8 bytes)
Event: 0.453 Thread 0x00007f932687a000 nmethod 191 0x0000000118b55110 code [0x0000000118b552c0, 0x0000000118b55468]
Event: 0.453 Thread 0x00007f932687a000  192       3       java.lang.AbstractStringBuilder::append (45 bytes)
Event: 0.454 Thread 0x00007f932687a000 nmethod 192 0x0000000118b55510 code [0x0000000118b55740, 0x0000000118b55cb8]
Event: 0.455 Thread 0x00007f9326876000  193       4       java.lang.String::charAt (25 bytes)
Event: 0.455 Thread 0x00007f932687a000  194       3       java.lang.AbstractStringBuilder::newCapacity (55 bytes)
Event: 0.455 Thread 0x00007f932687a000 nmethod 194 0x0000000118b55f10 code [0x0000000118b560e0, 0x0000000118b56388]
Event: 0.457 Thread 0x00007f9326876000 nmethod 193 0x000000012005ee10 code [0x000000012005efa0, 0x000000012005f0f8]

GC Heap History (0 events):
No events

Deoptimization events (2 events):
Event: 0.259 Thread 0x00007f9326000800 Uncommon trap: reason=unstable_if action=reinterpret pc=0x0000000120059450 method=java.util.HashMap.putVal(ILjava/lang/Object;Ljava/lang/Object;ZZ)Ljava/lang/Object; @ 69 c2
Event: 0.296 Thread 0x00007f9326000800 Uncommon trap: reason=unstable_if action=reinterpret pc=0x0000000120050814 method=java.lang.String.hashCode()I @ 14 c2

Classes redefined (3 events):
Event: 89.431 Thread 0x00007f932680a000 redefined class name=PrintParams, count=1
Event: 265.902 Thread 0x00007f932680a000 redefined class name=PrintParams, count=2
Event: 309.145 Thread 0x00007f932680a000 redefined class name=PrintParams, count=3

Internal exceptions (0 events):
No events

Events (10 events):
Event: 309.148 Executing VM operation: GetFrameLocation done
Event: 309.201 Executing VM operation: ChangeBreakpoints
Event: 309.201 Executing VM operation: ChangeBreakpoints done
Event: 309.204 Executing VM operation: ChangeBreakpoints
Event: 309.204 Executing VM operation: ChangeBreakpoints done
Event: 309.242 Executing VM operation: GetFrameCount
Event: 309.242 Executing VM operation: GetFrameCount done
Event: 309.242 Executing VM operation: GetFrameLocation
Event: 309.242 Executing VM operation: GetFrameLocation done
Event: 309.265 Executing VM operation: GetOrSetLocal


Dynamic libraries:
0x00007fff518a1000 	/System/Library/Frameworks/Cocoa.framework/Versions/A/Cocoa
0x00007fff5de78000 	/System/Library/Frameworks/Security.framework/Versions/A/Security
0x00007fff504e5000 	/System/Library/Frameworks/ApplicationServices.framework/Versions/A/ApplicationServices
0x00007fff7a1d9000 	/usr/lib/libz.1.dylib
0x00007fff78114000 	/usr/lib/libSystem.B.dylib
0x00007fff52056000 	/System/Library/Frameworks/CoreFoundation.framework/Versions/A/CoreFoundation
0x00007fff541aa000 	/System/Library/Frameworks/Foundation.framework/Versions/C/Foundation
0x00007fff797c3000 	/usr/lib/libobjc.A.dylib
0x00007fff4f635000 	/System/Library/Frameworks/AppKit.framework/Versions/C/AppKit
0x00007fff51c19000 	/System/Library/Frameworks/CoreData.framework/Versions/A/CoreData
0x00007fff71a68000 	/System/Library/PrivateFrameworks/RemoteViewServices.framework/Versions/A/RemoteViewServices
0x00007fff761b9000 	/System/Library/PrivateFrameworks/UIFoundation.framework/Versions/A/UIFoundation
0x00007fff668ca000 	/System/Library/PrivateFrameworks/DFRFoundation.framework/Versions/A/DFRFoundation
0x00007fff567ee000 	/System/Library/Frameworks/Metal.framework/Versions/A/Metal
0x00007fff66a67000 	/System/Library/PrivateFrameworks/DesktopServicesPriv.framework/Versions/A/DesktopServicesPriv
0x00007fff78d19000 	/usr/lib/libenergytrace.dylib
0x00007fff7422e000 	/System/Library/PrivateFrameworks/SkyLight.framework/Versions/A/SkyLight
0x00007fff524f9000 	/System/Library/Frameworks/CoreGraphics.framework/Versions/A/CoreGraphics
0x00007fff7810f000 	/usr/lib/libScreenReader.dylib
0x00007fff4e5d0000 	/System/Library/Frameworks/Accelerate.framework/Versions/A/Accelerate
0x00007fff54923000 	/System/Library/Frameworks/IOSurface.framework/Versions/A/IOSurface
0x00007fff50a2f000 	/System/Library/Frameworks/AudioToolbox.framework/Versions/A/AudioToolbox
0x00007fff50cbe000 	/System/Library/Frameworks/AudioUnit.framework/Versions/A/AudioUnit
0x00007fff66962000 	/System/Library/PrivateFrameworks/DataDetectorsCore.framework/Versions/A/DataDetectorsCore
0x00007fff51394000 	/System/Library/Frameworks/Carbon.framework/Versions/A/Frameworks/HIToolbox.framework/Versions/A/HIToolbox
0x00007fff78e73000 	/usr/lib/libicucore.A.dylib
0x00007fff5d3f9000 	/System/Library/Frameworks/QuartzCore.framework/Versions/A/QuartzCore
0x00007fff734e5000 	/System/Library/PrivateFrameworks/SignpostNotification.framework/Versions/A/SignpostNotification
0x00007fff5177a000 	/System/Library/Frameworks/Carbon.framework/Versions/A/Frameworks/SpeechRecognition.framework/Versions/A/SpeechRecognition
0x00007fff78270000 	/usr/lib/libauto.dylib
0x00007fff7a0c8000 	/usr/lib/libxml2.2.dylib
0x00007fff6651d000 	/System/Library/PrivateFrameworks/CoreUI.framework/Versions/A/CoreUI
0x00007fff51af5000 	/System/Library/Frameworks/CoreAudio.framework/Versions/A/CoreAudio
0x00007fff53fe4000 	/System/Library/Frameworks/DiskArbitration.framework/Versions/A/DiskArbitration
0x00007fff790e7000 	/usr/lib/liblangid.dylib
0x00007fff6df78000 	/System/Library/PrivateFrameworks/MultitouchSupport.framework/Versions/A/MultitouchSupport
0x00007fff54886000 	/System/Library/Frameworks/IOKit.framework/Versions/A/IOKit
0x00007fff77d9e000 	/usr/lib/libDiagnosticMessagesClient.dylib
0x00007fff531c2000 	/System/Library/Frameworks/CoreServices.framework/Versions/A/CoreServices
0x00007fff6faa6000 	/System/Library/PrivateFrameworks/PerformanceAnalysis.framework/Versions/A/PerformanceAnalysis
0x00007fff5c59b000 	/System/Library/Frameworks/OpenGL.framework/Versions/A/OpenGL
0x00007fff518af000 	/System/Library/Frameworks/ColorSync.framework/Versions/A/ColorSync
0x00007fff52b0b000 	/System/Library/Frameworks/CoreImage.framework/Versions/A/CoreImage
0x00007fff53b52000 	/System/Library/Frameworks/CoreText.framework/Versions/A/CoreText
0x00007fff54981000 	/System/Library/Frameworks/ImageIO.framework/Versions/A/ImageIO
0x00007fff62c65000 	/System/Library/PrivateFrameworks/Backup.framework/Versions/A/Backup
0x00007fff781c0000 	/usr/lib/libarchive.2.dylib
0x00007fff50fe0000 	/System/Library/Frameworks/CFNetwork.framework/Versions/A/CFNetwork
0x00007fff5e608000 	/System/Library/Frameworks/SystemConfiguration.framework/Versions/A/SystemConfiguration
0x00007fff77cc7000 	/usr/lib/libCRFSuite.dylib
0x00007fff78349000 	/usr/lib/libc++.1.dylib
0x00007fff783a0000 	/usr/lib/libc++abi.dylib
0x00007fff7a287000 	/usr/lib/system/libcache.dylib
0x00007fff7a28c000 	/usr/lib/system/libcommonCrypto.dylib
0x00007fff7a297000 	/usr/lib/system/libcompiler_rt.dylib
0x00007fff7a29f000 	/usr/lib/system/libcopyfile.dylib
0x00007fff7a2a9000 	/usr/lib/system/libcorecrypto.dylib
0x00007fff7a3b6000 	/usr/lib/system/libdispatch.dylib
0x00007fff7a3f0000 	/usr/lib/system/libdyld.dylib
0x00007fff7a40e000 	/usr/lib/system/libkeymgr.dylib
0x00007fff7a41c000 	/usr/lib/system/liblaunch.dylib
0x00007fff7a41d000 	/usr/lib/system/libmacho.dylib
0x00007fff7a422000 	/usr/lib/system/libquarantine.dylib
0x00007fff7a425000 	/usr/lib/system/libremovefile.dylib
0x00007fff7a427000 	/usr/lib/system/libsystem_asl.dylib
0x00007fff7a43f000 	/usr/lib/system/libsystem_blocks.dylib
0x00007fff7a440000 	/usr/lib/system/libsystem_c.dylib
0x00007fff7a4ca000 	/usr/lib/system/libsystem_configuration.dylib
0x00007fff7a4ce000 	/usr/lib/system/libsystem_coreservices.dylib
0x00007fff7a4d2000 	/usr/lib/system/libsystem_darwin.dylib
0x00007fff7a4d4000 	/usr/lib/system/libsystem_dnssd.dylib
0x00007fff7a4db000 	/usr/lib/system/libsystem_info.dylib
0x00007fff7a54c000 	/usr/lib/system/libsystem_m.dylib
0x00007fff7a598000 	/usr/lib/system/libsystem_malloc.dylib
0x00007fff7a5b8000 	/usr/lib/system/libsystem_network.dylib
0x00007fff7a6e9000 	/usr/lib/system/libsystem_networkextension.dylib
0x00007fff7a6f4000 	/usr/lib/system/libsystem_notify.dylib
0x00007fff7a712000 	/usr/lib/system/libsystem_sandbox.dylib
0x00007fff7a716000 	/usr/lib/system/libsystem_secinit.dylib
0x00007fff7a525000 	/usr/lib/system/libsystem_kernel.dylib
0x00007fff7a6fe000 	/usr/lib/system/libsystem_platform.dylib
0x00007fff7a706000 	/usr/lib/system/libsystem_pthread.dylib
0x00007fff7a718000 	/usr/lib/system/libsystem_symptoms.dylib
0x00007fff7a720000 	/usr/lib/system/libsystem_trace.dylib
0x00007fff7a735000 	/usr/lib/system/libunwind.dylib
0x00007fff7a73b000 	/usr/lib/system/libxpc.dylib
0x00007fff77bda000 	/usr/lib/closure/libclosured.dylib
0x00007fff7832a000 	/usr/lib/libbsm.0.dylib
0x00007fff7a40f000 	/usr/lib/system/libkxld.dylib
0x00007fff77fd8000 	/usr/lib/libOpenScriptingUtil.dylib
0x00007fff78698000 	/usr/lib/libcoretls.dylib
0x00007fff786b1000 	/usr/lib/libcoretls_cfhelpers.dylib
0x00007fff79bc4000 	/usr/lib/libpam.2.dylib
0x00007fff79ceb000 	/usr/lib/libsqlite3.dylib
0x00007fff7a0b7000 	/usr/lib/libxar.1.dylib
0x00007fff7833b000 	/usr/lib/libbz2.1.0.dylib
0x00007fff790e9000 	/usr/lib/liblzma.5.dylib
0x00007fff795ca000 	/usr/lib/libnetwork.dylib
0x00007fff781a9000 	/usr/lib/libapple_nghttp2.dylib
0x00007fff79bcb000 	/usr/lib/libpcap.A.dylib
0x00007fff78271000 	/usr/lib/libboringssl.dylib
0x00007fff7a052000 	/usr/lib/libusrtcp.dylib
0x00007fff781a8000 	/usr/lib/libapple_crypto.dylib
0x00007fff53545000 	/System/Library/Frameworks/CoreServices.framework/Versions/A/Frameworks/FSEvents.framework/Versions/A/FSEvents
0x00007fff53238000 	/System/Library/Frameworks/CoreServices.framework/Versions/A/Frameworks/CarbonCore.framework/Versions/A/CarbonCore
0x00007fff5370c000 	/System/Library/Frameworks/CoreServices.framework/Versions/A/Frameworks/Metadata.framework/Versions/A/Metadata
0x00007fff537bd000 	/System/Library/Frameworks/CoreServices.framework/Versions/A/Frameworks/OSServices.framework/Versions/A/OSServices
0x00007fff5381e000 	/System/Library/Frameworks/CoreServices.framework/Versions/A/Frameworks/SearchKit.framework/Versions/A/SearchKit
0x00007fff531c3000 	/System/Library/Frameworks/CoreServices.framework/Versions/A/Frameworks/AE.framework/Versions/A/AE
0x00007fff5354e000 	/System/Library/Frameworks/CoreServices.framework/Versions/A/Frameworks/LaunchServices.framework/Versions/A/LaunchServices
0x00007fff53510000 	/System/Library/Frameworks/CoreServices.framework/Versions/A/Frameworks/DictionaryServices.framework/Versions/A/DictionaryServices
0x00007fff5388d000 	/System/Library/Frameworks/CoreServices.framework/Versions/A/Frameworks/SharedFileList.framework/Versions/A/SharedFileList
0x00007fff57a24000 	/System/Library/Frameworks/NetFS.framework/Versions/A/NetFS
0x00007fff6e209000 	/System/Library/PrivateFrameworks/NetAuth.framework/Versions/A/NetAuth
0x00007fff77a71000 	/System/Library/PrivateFrameworks/login.framework/Versions/A/Frameworks/loginsupport.framework/Versions/A/loginsupport
0x00007fff75e3a000 	/System/Library/PrivateFrameworks/TCC.framework/Versions/A/TCC
0x00007fff791ca000 	/usr/lib/libmecabra.dylib
0x00007fff504e6000 	/System/Library/Frameworks/ApplicationServices.framework/Versions/A/Frameworks/ATS.framework/Versions/A/ATS
0x00007fff50894000 	/System/Library/Frameworks/ApplicationServices.framework/Versions/A/Frameworks/ColorSyncLegacy.framework/Versions/A/ColorSyncLegacy
0x00007fff50938000 	/System/Library/Frameworks/ApplicationServices.framework/Versions/A/Frameworks/HIServices.framework/Versions/A/HIServices
0x00007fff5098b000 	/System/Library/Frameworks/ApplicationServices.framework/Versions/A/Frameworks/LangAnalysis.framework/Versions/A/LangAnalysis
0x00007fff5099a000 	/System/Library/Frameworks/ApplicationServices.framework/Versions/A/Frameworks/PrintCore.framework/Versions/A/PrintCore
0x00007fff509e7000 	/System/Library/Frameworks/ApplicationServices.framework/Versions/A/Frameworks/QD.framework/Versions/A/QD
0x00007fff50a22000 	/System/Library/Frameworks/ApplicationServices.framework/Versions/A/Frameworks/SpeechSynthesis.framework/Versions/A/SpeechSynthesis
0x00007fff51f70000 	/System/Library/Frameworks/CoreDisplay.framework/Versions/A/CoreDisplay
0x00007fff4e5e8000 	/System/Library/Frameworks/Accelerate.framework/Versions/A/Frameworks/vImage.framework/Versions/A/vImage
0x00007fff4f342000 	/System/Library/Frameworks/Accelerate.framework/Versions/A/Frameworks/vecLib.framework/Versions/A/vecLib
0x00007fff4f0e2000 	/System/Library/Frameworks/Accelerate.framework/Versions/A/Frameworks/vecLib.framework/Versions/A/libvDSP.dylib
0x00007fff4ec42000 	/System/Library/Frameworks/Accelerate.framework/Versions/A/Frameworks/vecLib.framework/Versions/A/libBNNS.dylib
0x00007fff4f047000 	/System/Library/Frameworks/Accelerate.framework/Versions/A/Frameworks/vecLib.framework/Versions/A/libQuadrature.dylib
0x00007fff4f290000 	/System/Library/Frameworks/Accelerate.framework/Versions/A/Frameworks/vecLib.framework/Versions/A/libvMisc.dylib
0x00007fff4ec71000 	/System/Library/Frameworks/Accelerate.framework/Versions/A/Frameworks/vecLib.framework/Versions/A/libLAPACK.dylib
0x00007fff4eae7000 	/System/Library/Frameworks/Accelerate.framework/Versions/A/Frameworks/vecLib.framework/Versions/A/libBLAS.dylib
0x00007fff4f031000 	/System/Library/Frameworks/Accelerate.framework/Versions/A/Frameworks/vecLib.framework/Versions/A/libLinearAlgebra.dylib
0x00007fff4f04d000 	/System/Library/Frameworks/Accelerate.framework/Versions/A/Frameworks/vecLib.framework/Versions/A/libSparse.dylib
0x00007fff4f0ce000 	/System/Library/Frameworks/Accelerate.framework/Versions/A/Frameworks/vecLib.framework/Versions/A/libSparseBLAS.dylib
0x00007fff6b0a3000 	/System/Library/PrivateFrameworks/GPUWrangler.framework/Versions/A/GPUWrangler
0x00007fff6c820000 	/System/Library/PrivateFrameworks/IOAccelerator.framework/Versions/A/IOAccelerator
0x00007fff6c82b000 	/System/Library/PrivateFrameworks/IOPresentment.framework/Versions/A/IOPresentment
0x00007fff668dc000 	/System/Library/PrivateFrameworks/DSExternalDisplay.framework/Versions/A/DSExternalDisplay
0x00007fff5ba1b000 	/System/Library/Frameworks/OpenGL.framework/Versions/A/Libraries/libCoreFSCache.dylib
0x00007fff53ca3000 	/System/Library/Frameworks/CoreVideo.framework/Versions/A/CoreVideo
0x00007fff6be1e000 	/System/Library/PrivateFrameworks/GraphVisualizer.framework/Versions/A/GraphVisualizer
0x00007fff56a25000 	/System/Library/Frameworks/MetalPerformanceShaders.framework/Versions/A/MetalPerformanceShaders
0x00007fff77dd6000 	/usr/lib/libFosl_dynamic.dylib
0x00007fff679ad000 	/System/Library/PrivateFrameworks/FaceCore.framework/Versions/A/FaceCore
0x00007fff5a822000 	/System/Library/Frameworks/OpenCL.framework/Versions/A/OpenCL
0x00007fff783d7000 	/usr/lib/libcompression.dylib
0x00007fff505e5000 	/System/Library/Frameworks/ApplicationServices.framework/Versions/A/Frameworks/ATS.framework/Versions/A/Resources/libFontParser.dylib
0x00007fff50708000 	/System/Library/Frameworks/ApplicationServices.framework/Versions/A/Frameworks/ATS.framework/Versions/A/Resources/libFontRegistry.dylib
0x00007fff54be8000 	/System/Library/Frameworks/ImageIO.framework/Versions/A/Resources/libJPEG.dylib
0x00007fff54f11000 	/System/Library/Frameworks/ImageIO.framework/Versions/A/Resources/libTIFF.dylib
0x00007fff54ee7000 	/System/Library/Frameworks/ImageIO.framework/Versions/A/Resources/libPng.dylib
0x00007fff54afb000 	/System/Library/Frameworks/ImageIO.framework/Versions/A/Resources/libGIF.dylib
0x00007fff54b00000 	/System/Library/Frameworks/ImageIO.framework/Versions/A/Resources/libJP2.dylib
0x00007fff54f0e000 	/System/Library/Frameworks/ImageIO.framework/Versions/A/Resources/libRadiance.dylib
0x00007fff62392000 	/System/Library/PrivateFrameworks/AppleJPEG.framework/Versions/A/AppleJPEG
0x00007fff5688c000 	/System/Library/Frameworks/MetalPerformanceShaders.framework/Frameworks/MPSCore.framework/Versions/A/MPSCore
0x00007fff568a8000 	/System/Library/Frameworks/MetalPerformanceShaders.framework/Frameworks/MPSImage.framework/Versions/A/MPSImage
0x00007fff5693d000 	/System/Library/Frameworks/MetalPerformanceShaders.framework/Frameworks/MPSNeuralNetwork.framework/Versions/A/MPSNeuralNetwork
0x00007fff56918000 	/System/Library/Frameworks/MetalPerformanceShaders.framework/Frameworks/MPSMatrix.framework/Versions/A/MPSMatrix
0x00007fff6dcee000 	/System/Library/PrivateFrameworks/MetalTools.framework/Versions/A/MetalTools
0x00007fff5bbe5000 	/System/Library/Frameworks/OpenGL.framework/Versions/A/Libraries/libGLU.dylib
0x00007fff5ba26000 	/System/Library/Frameworks/OpenGL.framework/Versions/A/Libraries/libGFXShared.dylib
0x00007fff5ba30000 	/System/Library/Frameworks/OpenGL.framework/Versions/A/Libraries/libGL.dylib
0x00007fff5ba3c000 	/System/Library/Frameworks/OpenGL.framework/Versions/A/Libraries/libGLImage.dylib
0x00007fff5ba18000 	/System/Library/Frameworks/OpenGL.framework/Versions/A/Libraries/libCVMSPluginSupport.dylib
0x00007fff5ba21000 	/System/Library/Frameworks/OpenGL.framework/Versions/A/Libraries/libCoreVMClient.dylib
0x00007fff78b83000 	/usr/lib/libcups.2.dylib
0x00007fff55dfb000 	/System/Library/Frameworks/Kerberos.framework/Versions/A/Kerberos
0x00007fff545e0000 	/System/Library/Frameworks/GSS.framework/Versions/A/GSS
0x00007fff79c7e000 	/usr/lib/libresolv.9.dylib
0x00007fff78d81000 	/usr/lib/libiconv.2.dylib
0x00007fff6beb0000 	/System/Library/PrivateFrameworks/Heimdal.framework/Versions/A/Heimdal
0x00007fff78d50000 	/usr/lib/libheimdal-asn1.dylib
0x00007fff5a88e000 	/System/Library/Frameworks/OpenDirectory.framework/Versions/A/OpenDirectory
0x00007fff646a2000 	/System/Library/PrivateFrameworks/CommonAuth.framework/Versions/A/CommonAuth
0x00007fff5a871000 	/System/Library/Frameworks/OpenDirectory.framework/Versions/A/Frameworks/CFOpenDirectory.framework/Versions/A/CFOpenDirectory
0x00007fff5e1a1000 	/System/Library/Frameworks/SecurityFoundation.framework/Versions/A/SecurityFoundation
0x00007fff61569000 	/System/Library/PrivateFrameworks/APFS.framework/Versions/A/APFS
0x00007fff7a0b3000 	/usr/lib/libutil.dylib
0x00007fff62415000 	/System/Library/PrivateFrameworks/AppleSauce.framework/Versions/A/AppleSauce
0x00007fff6d008000 	/System/Library/PrivateFrameworks/LinguisticData.framework/Versions/A/LinguisticData
0x00007fff79103000 	/usr/lib/libmarisa.dylib
0x00007fff6cfc2000 	/System/Library/PrivateFrameworks/Lexicon.framework/Versions/A/Lexicon
0x00007fff77d01000 	/usr/lib/libChineseTokenizer.dylib
0x00007fff783c6000 	/usr/lib/libcmph.dylib
0x00007fff6cecc000 	/System/Library/PrivateFrameworks/LanguageModeling.framework/Versions/A/LanguageModeling
0x00007fff651ae000 	/System/Library/PrivateFrameworks/CoreEmoji.framework/Versions/A/CoreEmoji
0x00007fff5e25f000 	/System/Library/Frameworks/ServiceManagement.framework/Versions/A/ServiceManagement
0x00007fff62c5d000 	/System/Library/PrivateFrameworks/BackgroundTaskManagement.framework/Versions/A/BackgroundTaskManagement
0x00007fff7a1b0000 	/usr/lib/libxslt.1.dylib
0x00007fff516a4000 	/System/Library/Frameworks/Carbon.framework/Versions/A/Frameworks/Ink.framework/Versions/A/Ink
0x00007fff7604f000 	/System/Library/PrivateFrameworks/TextureIO.framework/Versions/A/TextureIO
0x00007fff781eb000 	/usr/lib/libate.dylib
0x00007fff6683c000 	/System/Library/PrivateFrameworks/CrashReporterSupport.framework/Versions/A/CrashReporterSupport
0x00007fff733a8000 	/System/Library/PrivateFrameworks/Sharing.framework/Versions/A/Sharing
0x00007fff6cc0e000 	/System/Library/PrivateFrameworks/IconServices.framework/Versions/A/IconServices
0x00007fff62217000 	/System/Library/PrivateFrameworks/Apple80211.framework/Versions/A/Apple80211
0x00007fff66652000 	/System/Library/PrivateFrameworks/CoreUtils.framework/Versions/A/CoreUtils
0x00007fff53cde000 	/System/Library/Frameworks/CoreWLAN.framework/Versions/A/CoreWLAN
0x00007fff54722000 	/System/Library/Frameworks/IOBluetooth.framework/Versions/A/IOBluetooth
0x00007fff71874000 	/System/Library/PrivateFrameworks/ProtocolBuffer.framework/Versions/A/ProtocolBuffer
0x00007fff667d7000 	/System/Library/PrivateFrameworks/CoreWiFi.framework/Versions/A/CoreWiFi
0x00007fff51bef000 	/System/Library/Frameworks/CoreBluetooth.framework/Versions/A/CoreBluetooth
0x00007fff66a26000 	/System/Library/PrivateFrameworks/DebugSymbols.framework/Versions/A/DebugSymbols
0x00007fff66409000 	/System/Library/PrivateFrameworks/CoreSymbolication.framework/Versions/A/CoreSymbolication
0x00007fff75841000 	/System/Library/PrivateFrameworks/Symbolication.framework/Versions/A/Symbolication
0x00007fff62241000 	/System/Library/PrivateFrameworks/AppleFSCompression.framework/Versions/A/AppleFSCompression
0x00007fff74c90000 	/System/Library/PrivateFrameworks/SpeechRecognitionCore.framework/Versions/A/SpeechRecognitionCore
0x000000010a800000 	/Library/Java/JavaVirtualMachines/jdk-10.0.1.jdk/Contents/Home/lib/server/libjvm.dylib
0x00007fff79f80000 	/usr/lib/libstdc++.6.0.9.dylib
0x0000000109f97000 	/Library/Java/JavaVirtualMachines/jdk-10.0.1.jdk/Contents/Home/lib/libverify.dylib
0x0000000109fa4000 	/Library/Java/JavaVirtualMachines/jdk-10.0.1.jdk/Contents/Home/lib/libjava.dylib
0x000000010b5a0000 	/Library/Java/JavaVirtualMachines/jdk-10.0.1.jdk/Contents/Home/lib/libjdwp.dylib
0x0000000109fdb000 	/Library/Java/JavaVirtualMachines/jdk-10.0.1.jdk/Contents/Home/lib/libinstrument.dylib
0x000000010b64e000 	/Library/Java/JavaVirtualMachines/jdk-10.0.1.jdk/Contents/Home/lib/libzip.dylib
0x000000010b656000 	/Library/Java/JavaVirtualMachines/jdk-10.0.1.jdk/Contents/Home/lib/libjimage.dylib
0x00000001184d6000 	/Library/Java/JavaVirtualMachines/jdk-10.0.1.jdk/Contents/Home/lib/libdt_socket.dylib
0x000000012b586000 	/Library/Java/JavaVirtualMachines/jdk-10.0.1.jdk/Contents/Home/lib/libnio.dylib
0x000000012b596000 	/Library/Java/JavaVirtualMachines/jdk-10.0.1.jdk/Contents/Home/lib/./libnet.dylib


VM Arguments:
jvm_args: -agentlib:jdwp=transport=dt_socket,address=127.0.0.1:50770,suspend=y,server=n -javaagent:/Users/attilamurvai/Library/Caches/IntelliJIdea2018.1/captureAgent/debugger-agent.jar=file:/private/var/folders/4j/yccp0tnd6l574gjmv9s_3grm0000gp/T/capture.props -Dfile.encoding=UTF-8 
java_command: PrintParams
java_class_path (initial): /Users/attilamurvai/greenfox/attila-m/week-02/day-01/out/production/day-01:/Applications/IntelliJ IDEA.app/Contents/lib/idea_rt.jar
Launcher Type: SUN_STANDARD

Logging:
Log output configuration:
#0: stdout all=warning uptime,level,tags
#1: stderr all=off uptime,level,tags

Environment Variables:
PATH=/usr/local/bin:/usr/bin:/bin:/usr/sbin:/sbin
SHELL=/bin/bash

Signal Handlers:
SIGSEGV: [libjvm.dylib+0x79ac14], sa_mask[0]=11111111011111110111111111111111, sa_flags=SA_ONSTACK|SA_RESTART|SA_SIGINFO
SIGBUS: [libjvm.dylib+0x79ac14], sa_mask[0]=11111111011111110111111111111111, sa_flags=SA_RESTART|SA_SIGINFO
SIGFPE: [libjvm.dylib+0x79ac14], sa_mask[0]=11111111011111110111111111111111, sa_flags=SA_RESTART|SA_SIGINFO
SIGPIPE: [libjvm.dylib+0x635960], sa_mask[0]=11111111011111110111111111111111, sa_flags=SA_RESTART|SA_SIGINFO
SIGXFSZ: [libjvm.dylib+0x635960], sa_mask[0]=11111111011111110111111111111111, sa_flags=SA_RESTART|SA_SIGINFO
SIGILL: [libjvm.dylib+0x79ac14], sa_mask[0]=11111111011111110111111111111111, sa_flags=SA_RESTART|SA_SIGINFO
SIGUSR2: [libjvm.dylib+0x6361f0], sa_mask[0]=00100000000000000000000000000000, sa_flags=SA_RESTART|SA_SIGINFO
SIGHUP: [libjvm.dylib+0x6349db], sa_mask[0]=11111111011111110111111111111111, sa_flags=SA_RESTART|SA_SIGINFO
SIGINT: [libjvm.dylib+0x6349db], sa_mask[0]=11111111011111110111111111111111, sa_flags=SA_RESTART|SA_SIGINFO
SIGTERM: [libjvm.dylib+0x6349db], sa_mask[0]=11111111011111110111111111111111, sa_flags=SA_RESTART|SA_SIGINFO
SIGQUIT: [libjvm.dylib+0x6349db], sa_mask[0]=11111111011111110111111111111111, sa_flags=SA_RESTART|SA_SIGINFO


---------------  S Y S T E M  ---------------

OS:uname:Darwin 17.5.0 Darwin Kernel Version 17.5.0: Fri Apr 13 19:32:32 PDT 2018; root:xnu-4570.51.2~1/RELEASE_X86_64 x86_64
rlimit: STACK 8192k, CORE 0k, NPROC 709, NOFILE 10240, AS infinity, DATA infinity, FSIZE infinity
load average:5.23 3.91 2.98

CPU:total 4 (initial active 4) (2 cores per cpu, 2 threads per core) family 6 model 61 stepping 4, cmov, cx8, fxsr, mmx, sse, sse2, sse3, ssse3, sse4.1, sse4.2, popcnt, avx, avx2, aes, clmul, erms, 3dnowpref, lzcnt, ht, tsc, tscinvbit, bmi1, bmi2, adx, fma

Memory: 4k page, physical 4194304k(177596k free)

vm_info: Java HotSpot(TM) 64-Bit Server VM (10.0.1+10) for bsd-amd64 JRE (10.0.1+10), built on Mar 27 2018 01:13:17 by "mach5one" with gcc 4.2.1 Compatible Apple LLVM 6.1.0 (clang-602.0.49)

END.
